<?xml version="1.0" encoding="UTF-8"?>
<!-- Generated by org.testng.reporters.JUnitXMLReporter -->
<testsuite hostname="P4A-508SCN8" name="Command line test" tests="3" failures="0" timestamp="25 Jul 2018 07:00:17 GMT" time="17.227" errors="0">
  <testcase name="LoginInValid" time="0.015" classname="tests.LoginTest"/>
  <testcase name="LoginValid" time="0.0" classname="tests.LoginTest"/>
  <testcase name="f" time="1.65" classname="tests.Registration_Test"/>
</testsuite> <!-- Command line test -->
