<?xml version="1.0" encoding="UTF-8"?>
<testng-results skipped="0" failed="0" ignored="0" total="1" passed="1">
  <reporter-output>
  </reporter-output>
  <suite name="Default suite" duration-ms="10923" started-at="2018-07-23T07:08:33Z" finished-at="2018-07-23T07:08:44Z">
    <groups>
    </groups>
    <test name="Default test" duration-ms="10923" started-at="2018-07-23T07:08:33Z" finished-at="2018-07-23T07:08:44Z">
      <class name="raji.screenshot">
        <test-method status="PASS" signature="beforeTest()[pri:0, instance:raji.screenshot@12f41634]" name="beforeTest" is-config="true" duration-ms="9909" started-at="2018-07-23T07:08:33Z" finished-at="2018-07-23T07:08:43Z">
          <reporter-output>
          </reporter-output>
        </test-method> <!-- beforeTest -->
        <test-method status="PASS" signature="f()[pri:0, instance:raji.screenshot@12f41634]" name="f" duration-ms="955" started-at="2018-07-23T07:08:43Z" finished-at="2018-07-23T07:08:44Z">
          <reporter-output>
          </reporter-output>
        </test-method> <!-- f -->
        <test-method status="PASS" signature="afterTest()[pri:0, instance:raji.screenshot@12f41634]" name="afterTest" is-config="true" duration-ms="1" started-at="2018-07-23T07:08:44Z" finished-at="2018-07-23T07:08:44Z">
          <reporter-output>
          </reporter-output>
        </test-method> <!-- afterTest -->
      </class> <!-- raji.screenshot -->
    </test> <!-- Default test -->
  </suite> <!-- Default suite -->
</testng-results>
