<?xml version="1.0" encoding="UTF-8"?>
<testng-results skipped="0" failed="0" total="1" passed="1">
  <reporter-output>
  </reporter-output>
  <suite name="Default suite" duration-ms="19990" started-at="2018-07-25T07:21:52Z" finished-at="2018-07-25T07:22:12Z">
    <groups>
    </groups>
    <test name="Default test" duration-ms="19990" started-at="2018-07-25T07:21:52Z" finished-at="2018-07-25T07:22:12Z">
      <class name="tests.Registration_Test">
        <test-method status="PASS" signature="beforeTest()[pri:0, instance:tests.Registration_Test@28d25987]" name="beforeTest" is-config="true" duration-ms="13632" started-at="2018-07-25T12:51:52Z" finished-at="2018-07-25T12:52:06Z">
          <reporter-output>
          </reporter-output>
        </test-method> <!-- beforeTest -->
        <test-method status="PASS" signature="f()[pri:0, instance:tests.Registration_Test@28d25987]" name="f" duration-ms="6315" started-at="2018-07-25T12:52:06Z" finished-at="2018-07-25T12:52:12Z">
          <reporter-output>
          </reporter-output>
        </test-method> <!-- f -->
        <test-method status="PASS" signature="afterTest()[pri:0, instance:tests.Registration_Test@28d25987]" name="afterTest" is-config="true" duration-ms="0" started-at="2018-07-25T12:52:12Z" finished-at="2018-07-25T12:52:12Z">
          <reporter-output>
          </reporter-output>
        </test-method> <!-- afterTest -->
      </class> <!-- tests.Registration_Test -->
    </test> <!-- Default test -->
  </suite> <!-- Default suite -->
</testng-results>
