<?xml version="1.0" encoding="UTF-8"?>
<!-- Generated by org.testng.reporters.JUnitXMLReporter -->
<testsuite hostname="P4A-508SCN8" name="Test" tests="2" failures="1" timestamp="24 Jul 2018 06:45:55 GMT" time="0.986" errors="0">
  <testcase name="LoginInValid" time="0.04" classname="tests.LoginTest">
    <failure type="java.lang.AssertionError" message="expected [Tested] but found [Tested123]">
      <![CDATA[java.lang.AssertionError: expected [Tested] but found [Tested123]
	at tests.LoginTest.LoginInValid(LoginTest.java:25)
... Removed 29 stack frames]]>
    </failure>
  </testcase> <!-- LoginInValid -->
  <testcase name="LoginValid" time="0.004" classname="tests.LoginTest"/>
</testsuite> <!-- Test -->
