<?xml version="1.0" encoding="UTF-8"?>
<testng-results skipped="0" failed="0" total="3" passed="3">
  <reporter-output>
  </reporter-output>
  <suite name="Command line suite" duration-ms="17227" started-at="2018-07-25T07:00:00Z" finished-at="2018-07-25T07:00:17Z">
    <groups>
    </groups>
    <test name="Command line test" duration-ms="17227" started-at="2018-07-25T07:00:00Z" finished-at="2018-07-25T07:00:17Z">
      <class name="tests.LoginTest">
        <test-method status="PASS" signature="LoginInValid()[pri:0, instance:tests.LoginTest@531be3c5]" name="LoginInValid" duration-ms="15" started-at="2018-07-25T12:30:15Z" finished-at="2018-07-25T12:30:15Z">
          <reporter-output>
          </reporter-output>
        </test-method> <!-- LoginInValid -->
        <test-method status="PASS" signature="LoginValid()[pri:0, instance:tests.LoginTest@531be3c5]" name="LoginValid" duration-ms="0" started-at="2018-07-25T12:30:15Z" finished-at="2018-07-25T12:30:15Z">
          <reporter-output>
          </reporter-output>
        </test-method> <!-- LoginValid -->
      </class> <!-- tests.LoginTest -->
      <class name="tests.Registration_Test">
        <test-method status="PASS" signature="beforeTest()[pri:0, instance:tests.Registration_Test@47f6473]" name="beforeTest" is-config="true" duration-ms="15508" started-at="2018-07-25T12:30:00Z" finished-at="2018-07-25T12:30:15Z">
          <reporter-output>
          </reporter-output>
        </test-method> <!-- beforeTest -->
        <test-method status="PASS" signature="f()[pri:0, instance:tests.Registration_Test@47f6473]" name="f" duration-ms="1650" started-at="2018-07-25T12:30:15Z" finished-at="2018-07-25T12:30:17Z">
          <reporter-output>
          </reporter-output>
        </test-method> <!-- f -->
        <test-method status="PASS" signature="afterTest()[pri:0, instance:tests.Registration_Test@47f6473]" name="afterTest" is-config="true" duration-ms="0" started-at="2018-07-25T12:30:17Z" finished-at="2018-07-25T12:30:17Z">
          <reporter-output>
          </reporter-output>
        </test-method> <!-- afterTest -->
      </class> <!-- tests.Registration_Test -->
    </test> <!-- Command line test -->
  </suite> <!-- Command line suite -->
</testng-results>
